This is pdfTeX, Version 3.1415926-1.40.10 (MiKTeX 2.8) (preloaded format=pdflatex 2012.2.25)  3 MAR 2012 22:34
entering extended mode
**roteiro.tex
("F:\Fernando1\Documentos\UTFPR\PETECO\Minicurso LaTeX\roteiro.tex"
LaTeX2e <2009/09/24>
Babel <v3.8l> and hyphenation patterns for english, dumylang, nohyphenation, ge
rman, ngerman, german-x-2009-06-19, ngerman-x-2009-06-19, french, portuguese, l
oaded.
("C:\Program Files (x86)\MiKTeX 2.8\tex\latex\base\article.cls"
Document Class: article 2007/10/19 v1.4h Standard LaTeX document class
("C:\Program Files (x86)\MiKTeX 2.8\tex\latex\base\size10.clo"
File: size10.clo 2007/10/19 v1.4h Standard LaTeX file (size option)
)
\c@part=\count79
\c@section=\count80
\c@subsection=\count81
\c@subsubsection=\count82
\c@paragraph=\count83
\c@subparagraph=\count84
\c@figure=\count85
\c@table=\count86
\abovecaptionskip=\skip41
\belowcaptionskip=\skip42
\bibindent=\dimen102
)
("C:\Program Files (x86)\MiKTeX 2.8\tex\generic\babel\babel.sty"
Package: babel 2008/07/06 v3.8l The Babel package

*************************************
* Local config file bblopts.cfg used
*
("C:\Program Files (x86)\MiKTeX 2.8\tex\latex\00miktex\bblopts.cfg"
File: bblopts.cfg 2006/07/31 v1.0 MiKTeX 'babel' configuration
)
("C:\Program Files (x86)\MiKTeX 2.8\tex\generic\babel\portuges.ldf"
Language: portuges 2008/03/18 v1.2q Portuguese support from the babel system

("C:\Program Files (x86)\MiKTeX 2.8\tex\generic\babel\babel.def"
File: babel.def 2008/07/06 v3.8l Babel common definitions
\babel@savecnt=\count87
\U@D=\dimen103
)
\l@brazil = a dialect from \language\l@portuges 
Package babel Info: Making " an active character on input line 145.
))
("C:\Program Files (x86)\MiKTeX 2.8\tex\latex\base\inputenc.sty"
Package: inputenc 2008/03/30 v1.1d Input encoding file
\inpenc@prehook=\toks14
\inpenc@posthook=\toks15

("C:\Program Files (x86)\MiKTeX 2.8\tex\latex\base\latin1.def"
File: latin1.def 2008/03/30 v1.1d Input encoding file
))
("C:\Program Files (x86)\MiKTeX 2.8\tex\latex\base\fontenc.sty"
Package: fontenc 2005/09/27 v1.99g Standard LaTeX package

("C:\Program Files (x86)\MiKTeX 2.8\tex\latex\base\t1enc.def"
File: t1enc.def 2005/09/27 v1.99g Standard LaTeX file
LaTeX Font Info:    Redeclaring font encoding T1 on input line 43.
))
("C:\Program Files (x86)\MiKTeX 2.8\tex\latex\tools\verbatim.sty"
Package: verbatim 2003/08/22 v1.5q LaTeX2e package for verbatim enhancements
\every@verbatim=\toks16
\verbatim@line=\toks17
\verbatim@in@stream=\read1
)
("C:\Program Files (x86)\MiKTeX 2.8\tex\latex\hyperref\hyperref.sty"
Package: hyperref 2010/03/30 v6.80u Hypertext links for LaTeX

("C:\Program Files (x86)\MiKTeX 2.8\tex\generic\oberdiek\ltxcmds.sty"
Package: ltxcmds 2010/04/08 v1.5 LaTeX kernel commands for general use (HO)
)
("C:\Program Files (x86)\MiKTeX 2.8\tex\latex\graphics\keyval.sty"
Package: keyval 1999/03/16 v1.13 key=value parser (DPC)
\KV@toks@=\toks18
)
("C:\Program Files (x86)\MiKTeX 2.8\tex\generic\oberdiek\kvsetkeys.sty"
Package: kvsetkeys 2010/03/01 v1.9 Key value parser (HO)

("C:\Program Files (x86)\MiKTeX 2.8\tex\generic\oberdiek\infwarerr.sty"
Package: infwarerr 2010/04/08 v1.3 Providing info/warning/message (HO)
)
("C:\Program Files (x86)\MiKTeX 2.8\tex\generic\oberdiek\etexcmds.sty"
Package: etexcmds 2010/01/28 v1.3 Prefix for e-TeX command names (HO)
Package etexcmds Info: Could not find \expanded.
(etexcmds)             That can mean that you are not using pdfTeX 1.50 or
(etexcmds)             that some package has redefined \expanded.
(etexcmds)             In the latter case, load this package earlier.
))
("C:\Program Files (x86)\MiKTeX 2.8\tex\generic\oberdiek\pdfescape.sty"
Package: pdfescape 2010/03/01 v1.9 Provides hex, PDF name and string conversion
s (HO)

("C:\Program Files (x86)\MiKTeX 2.8\tex\generic\oberdiek\pdftexcmds.sty"
Package: pdftexcmds 2010/04/01 v0.9 Utility functions of pdfTeX for LuaTeX (HO)


("C:\Program Files (x86)\MiKTeX 2.8\tex\generic\oberdiek\ifluatex.sty"
Package: ifluatex 2010/03/01 v1.3 Provides the ifluatex switch (HO)
Package ifluatex Info: LuaTeX not detected.
)
Package pdftexcmds Info: LuaTeX not detected.
Package pdftexcmds Info: \pdf@primitive is available.
Package pdftexcmds Info: \pdf@ifprimitive is available.
))
("C:\Program Files (x86)\MiKTeX 2.8\tex\generic\oberdiek\ifpdf.sty"
Package: ifpdf 2010/01/28 v2.1 Provides the ifpdf switch (HO)
Package ifpdf Info: pdfTeX in pdf mode detected.
)
("C:\Program Files (x86)\MiKTeX 2.8\tex\generic\oberdiek\ifvtex.sty"
Package: ifvtex 2010/03/01 v1.5 Switches for detecting VTeX and its modes (HO)
Package ifvtex Info: VTeX not detected.
)
("C:\Program Files (x86)\MiKTeX 2.8\tex\latex\ifxetex\ifxetex.sty"
Package: ifxetex 2009/01/23 v0.5 Provides ifxetex conditional
)
("C:\Program Files (x86)\MiKTeX 2.8\tex\latex\oberdiek\hycolor.sty"
Package: hycolor 2009/12/12 v1.6 Color options of hyperref/bookmark (HO)

("C:\Program Files (x86)\MiKTeX 2.8\tex\latex\oberdiek\xcolor-patch.sty"
Package: xcolor-patch 2009/12/12 xcolor patch
))
("C:\Program Files (x86)\MiKTeX 2.8\tex\latex\oberdiek\letltxmacro.sty"
Package: letltxmacro 2008/06/24 v1.3 Let assignment for LaTeX macros (HO)
)
\@linkdim=\dimen104
\Hy@linkcounter=\count88
\Hy@pagecounter=\count89

("C:\Program Files (x86)\MiKTeX 2.8\tex\latex\hyperref\pd1enc.def"
File: pd1enc.def 2010/03/30 v6.80u Hyperref: PDFDocEncoding definition (HO)
)
("C:\Program Files (x86)\MiKTeX 2.8\tex\generic\oberdiek\intcalc.sty"
Package: intcalc 2007/09/27 v1.1 Expandable integer calculations (HO)
)
("C:\Program Files (x86)\MiKTeX 2.8\tex\latex\00miktex\hyperref.cfg"
File: hyperref.cfg 2002/06/06 v1.2 hyperref configuration of TeXLive
)
("C:\Program Files (x86)\MiKTeX 2.8\tex\latex\oberdiek\kvoptions.sty"
Package: kvoptions 2010/02/22 v3.7 Keyval support for LaTeX options (HO)
)
Package hyperref Info: Hyper figures OFF on input line 3609.
Package hyperref Info: Link nesting OFF on input line 3614.
Package hyperref Info: Hyper index ON on input line 3617.
Package hyperref Info: Plain pages OFF on input line 3624.
Package hyperref Info: Backreferencing OFF on input line 3629.

Implicit mode ON; LaTeX internals redefined
Package hyperref Info: Bookmarks ON on input line 3825.
("C:\Program Files (x86)\MiKTeX 2.8\tex\latex\ltxmisc\url.sty"
\Urlmuskip=\muskip10
Package: url 2006/04/12  ver 3.3  Verb mode for urls, etc.
)
LaTeX Info: Redefining \url on input line 4105.

("C:\Program Files (x86)\MiKTeX 2.8\tex\generic\oberdiek\bitset.sty"
Package: bitset 2007/09/28 v1.0 Data type bit set (HO)

("C:\Program Files (x86)\MiKTeX 2.8\tex\generic\oberdiek\bigintcalc.sty"
Package: bigintcalc 2007/11/11 v1.1 Expandable big integer calculations (HO)
))
\Fld@menulength=\count90
\Field@Width=\dimen105
\Fld@charsize=\dimen106
\Field@toks=\toks19
Package hyperref Info: Hyper figures OFF on input line 5083.
Package hyperref Info: Link nesting OFF on input line 5088.
Package hyperref Info: Hyper index ON on input line 5091.
Package hyperref Info: backreferencing OFF on input line 5098.
Package hyperref Info: Link coloring OFF on input line 5103.
Package hyperref Info: Link coloring with OCG OFF on input line 5108.
Package hyperref Info: PDF/A mode OFF on input line 5113.
LaTeX Info: Redefining \ref on input line 5153.
LaTeX Info: Redefining \pageref on input line 5157.

("C:\Program Files (x86)\MiKTeX 2.8\tex\generic\oberdiek\atbegshi.sty"
Package: atbegshi 2010/03/25 v1.12 At begin shipout hook (HO)
)
\Hy@abspage=\count91
\c@Item=\count92
\c@Hfootnote=\count93
)
* hyperref using default driver hpdftex *
("C:\Program Files (x86)\MiKTeX 2.8\tex\latex\hyperref\hpdftex.def"
File: hpdftex.def 2010/03/30 v6.80u Hyperref driver for pdfTeX

("C:\Program Files (x86)\MiKTeX 2.8\tex\latex\oberdiek\atveryend.sty"
Package: atveryend 2010/03/24 v1.5 Hooks at very end of document (HO)
Package atveryend Info: \enddocument detected (standard).
)
\Fld@listcount=\count94
\c@bookmark@seq@number=\count95

("C:\Program Files (x86)\MiKTeX 2.8\tex\latex\oberdiek\rerunfilecheck.sty"
Package: rerunfilecheck 2010/03/16 v1.6 Rerun checks for auxiliary files (HO)

("C:\Program Files (x86)\MiKTeX 2.8\tex\generic\oberdiek\uniquecounter.sty"
Package: uniquecounter 2009/12/18 v1.1 Provides unlimited unique counter (HO)
)
Package uniquecounter Info: New unique counter `rerunfilecheck' on input line 2
71.
)
\Hy@SectionHShift=\skip43
)
("F:\Fernando1\Documentos\UTFPR\PETECO\Minicurso LaTeX\roteiro.aux")
LaTeX Font Info:    Checking defaults for OML/cmm/m/it on input line 27.
LaTeX Font Info:    ... okay on input line 27.
LaTeX Font Info:    Checking defaults for T1/cmr/m/n on input line 27.
LaTeX Font Info:    ... okay on input line 27.
LaTeX Font Info:    Checking defaults for OT1/cmr/m/n on input line 27.
LaTeX Font Info:    ... okay on input line 27.
LaTeX Font Info:    Checking defaults for OMS/cmsy/m/n on input line 27.
LaTeX Font Info:    ... okay on input line 27.
LaTeX Font Info:    Checking defaults for OMX/cmex/m/n on input line 27.
LaTeX Font Info:    ... okay on input line 27.
LaTeX Font Info:    Checking defaults for U/cmr/m/n on input line 27.
LaTeX Font Info:    ... okay on input line 27.
LaTeX Font Info:    Checking defaults for PD1/pdf/m/n on input line 27.
LaTeX Font Info:    ... okay on input line 27.
\AtBeginShipoutBox=\box26
Package hyperref Info: Link coloring OFF on input line 27.

("C:\Program Files (x86)\MiKTeX 2.8\tex\latex\hyperref\nameref.sty"
Package: nameref 2010/01/25 v2.36 Cross-referencing by name of section

("C:\Program Files (x86)\MiKTeX 2.8\tex\latex\oberdiek\refcount.sty"
Package: refcount 2008/08/11 v3.1 Data extraction from references (HO)
)
("C:\Program Files (x86)\MiKTeX 2.8\tex\generic\oberdiek\gettitlestring.sty"
Package: gettitlestring 2009/12/18 v1.3 Cleanup title references (HO)
)
\c@section@level=\count96
)
LaTeX Info: Redefining \ref on input line 27.
LaTeX Info: Redefining \pageref on input line 27.

("F:\Fernando1\Documentos\UTFPR\PETECO\Minicurso LaTeX\roteiro.out")
("F:\Fernando1\Documentos\UTFPR\PETECO\Minicurso LaTeX\roteiro.out")
\@outlinefile=\write3
LaTeX Font Info:    External font `cmex10' loaded for size
(Font)              <17.28> on input line 30.
LaTeX Font Info:    External font `cmex10' loaded for size
(Font)              <12> on input line 30.
LaTeX Font Info:    External font `cmex10' loaded for size
(Font)              <8> on input line 30.
LaTeX Font Info:    External font `cmex10' loaded for size
(Font)              <6> on input line 30.
LaTeX Font Info:    External font `cmex10' loaded for size
(Font)              <7> on input line 39.
LaTeX Font Info:    External font `cmex10' loaded for size
(Font)              <5> on input line 39.
LaTeX Font Info:    Try loading font information for T1+cmtt on input line 39.

("C:\Program Files (x86)\MiKTeX 2.8\tex\latex\base\t1cmtt.fd"
File: t1cmtt.fd 1999/05/25 v2.5h Standard LaTeX font definitions
)
LaTeX Font Info:    External font `cmex10' loaded for size
(Font)              <9> on input line 39.

Underfull \hbox (badness 10000) in paragraph at lines 54--54
[]\T1/cmtt/m/n/9 Windows: TexWorks, TeXnicCenter,
 []


Underfull \hbox (badness 10000) in paragraph at lines 54--54
\T1/cmtt/m/n/9 Linux: Kyle, TexMaker, Vim, Emacs
 []

File: helloworld.tex  (verbatim)
File: caracteres_especiais.txt  (verbatim)

Underfull \hbox (badness 10000) in paragraph at lines 66--66
[]\T1/cmtt/m/n/9 Pacotes adicionam novas
 []


Underfull \hbox (badness 10000) in paragraph at lines 66--66
\T1/cmtt/m/n/9 Ex: \T1/cmtt/m/it/9 *inputenc\T1/cmtt/m/n/9 , \T1/cmtt/m/it/9 *f
ontenc\T1/cmtt/m/n/9 , \T1/cmtt/m/it/9 *babel\T1/cmtt/m/n/9 ,
 []

File: alinhamento.txt  (verbatim)
File: fontes.txt  (verbatim)
File: capitulos.txt  (verbatim)

Overfull \hbox (7.00616pt too wide) in paragraph at lines 77--77
[]\T1/cmtt/m/n/9 \section{}, \section*{}, \subsection{}[] 
 []

File: modomatematico.txt  (verbatim)

Overfull \hbox (7.00616pt too wide) in paragraph at lines 84--84
[]\T1/cmtt/m/n/9 \alpha \beta \gama \Gama \Delta \Theta[] 
 []


Underfull \hbox (badness 10000) in paragraph at lines 88--88
[]\T1/cmtt/m/n/9 equation, equation*, eqnarray,
 []


LaTeX Warning: Citation `maze' on page 1 undefined on input line 119.


LaTeX Warning: Citation `regraMao' on page 1 undefined on input line 119.


Underfull \hbox (badness 10000) in paragraph at lines 123--123
[]\T1/cmtt/m/n/9 Inserir figuras, texto ou
 []


Underfull \hbox (badness 10000) in paragraph at lines 123--123
\T1/cmtt/m/n/9 tabelas alinhados lado a lado.
 []


Overfull \hbox (34.0217pt too wide) in paragraph at lines 39--143
[]$[]$ []
 []


Overfull \hbox (34.0217pt too wide) in paragraph at lines 39--143
$[]$ []
 []


Overfull \hbox (34.0217pt too wide) in paragraph at lines 39--143
$[]$ []
 []


Overfull \hbox (34.0217pt too wide) in paragraph at lines 39--143
$[]$ []
 []


Overfull \hbox (34.0217pt too wide) in paragraph at lines 39--143
$[]$ []
 []


Overfull \hbox (34.0217pt too wide) in paragraph at lines 39--143
$[]$ []
 []


Overfull \hbox (34.0217pt too wide) in paragraph at lines 39--143
$[]$ []
 []


Overfull \hbox (34.0217pt too wide) in paragraph at lines 39--143
$[]$ []
 []


Overfull \hbox (34.0217pt too wide) in paragraph at lines 39--143
$[]$ []
 []


Overfull \hbox (34.0217pt too wide) in paragraph at lines 39--143
$[]$ []
 []


Overfull \hbox (34.0217pt too wide) in paragraph at lines 39--143
$[]$ []
 []


Overfull \hbox (34.0217pt too wide) in paragraph at lines 39--143
$[]$ []
 []


Overfull \hbox (34.0217pt too wide) in paragraph at lines 39--143
$[]$ []
 []


Overfull \hbox (34.0217pt too wide) in paragraph at lines 39--143
$[]$ []
 []


Overfull \hbox (34.0217pt too wide) in paragraph at lines 39--143
$[]$ []
 []


Overfull \hbox (34.0217pt too wide) in paragraph at lines 39--143
$[]$ []
 []


Overfull \hbox (34.0217pt too wide) in paragraph at lines 39--143
$[]$ []
 []


Overfull \hbox (34.0217pt too wide) in paragraph at lines 39--143
$[]$ [] 
 []

[1

{C:/Users/Fernando1/AppData/Local/MiKTeX/2.8/pdftex/config/pdftex.map}]
[2]
Package atveryend Info: Empty hook `BeforeClearDocument' on input line 146.
 [3]
Package atveryend Info: Empty hook `AfterLastShipout' on input line 146.
 ("F:\Fernando1\Documentos\UTFPR\PETECO\Minicurso LaTeX\roteiro.aux")
Package atveryend Info: Executing hook `AtVeryEndDocument' on input line 146.
Package rerunfilecheck Info: File `roteiro.out' has not changed.
(rerunfilecheck)             Checksum: D41D8CD98F00B204E9800998ECF8427E;0.


LaTeX Warning: There were undefined references.

 ) 
Here is how much of TeX's memory you used:
 4534 strings out of 495257
 68175 string characters out of 3179088
 145980 words of memory out of 3000000
 7652 multiletter control sequences out of 15000+200000
 15290 words of font info for 40 fonts, out of 3000000 for 9000
 16 hyphenation exceptions out of 8191
 31i,6n,25p,221b,380s stack positions out of 5000i,500n,10000p,200000b,50000s
 <C:\Users\Fernando1\AppData\Local\MiKTeX\2.8\fonts\pk\ljfour\jknappen\ec\dpi
600\ecbx0900.pk> <C:\Users\Fernando1\AppData\Local\MiKTeX\2.8\fonts\pk\ljfour\j
knappen\ec\dpi600\ecit0900.pk> <C:\Users\Fernando1\AppData\Local\MiKTeX\2.8\fon
ts\pk\ljfour\jknappen\ec\dpi450\ectt0800.pk> <C:\Users\Fernando1\AppData\Local\
MiKTeX\2.8\fonts\pk\ljfour\jknappen\ec\dpi600\ectt0900.pk> <C:\Users\Fernando1\
AppData\Local\MiKTeX\2.8\fonts\pk\ljfour\jknappen\ec\dpi600\ecrm0700.pk> <C:\Us
ers\Fernando1\AppData\Local\MiKTeX\2.8\fonts\pk\ljfour\jknappen\ec\dpi600\ecrm1
000.pk> <C:\Users\Fernando1\AppData\Local\MiKTeX\2.8\fonts\pk\ljfour\jknappen\e
c\dpi600\ecbx1440.pk> <C:\Users\Fernando1\AppData\Local\MiKTeX\2.8\fonts\pk\ljf
our\jknappen\ec\dpi600\ecrm1200.pk> <C:\Users\Fernando1\AppData\Local\MiKTeX\2.
8\fonts\pk\ljfour\jknappen\ec\dpi600\ecrm1728.pk><C:/Program Files (x86)/MiKTeX
 2.8/fonts/type1/public/amsfonts/cm/cmsy9.pfb>
Output written on roteiro.pdf (3 pages, 87092 bytes).
PDF statistics:
 293 PDF objects out of 1000 (max. 8388607)
 25 named destinations out of 1000 (max. 500000)
 1 words of extra memory for PDF output out of 10000 (max. 10000000)

